<?xml version="1.0" encoding="UTF-8"?>
<!-- Generated by org.testng.reporters.JUnitReportReporter -->
<testsuite hostname="DESKTOP-FAP5I9C" failures="0" tests="1" name="LinkedInLogIn.LogInTest" time="8.743" errors="0" timestamp="2024-09-04T10:32:28 IDT" skipped="0">
  <testcase classname="LinkedInLogIn.LogInTest" name="verifySearchBoxVisible" time="8.743"/>
</testsuite> <!-- LinkedInLogIn.LogInTest -->
